<?xml version="1.0" encoding="UTF-8"?>
<testsuite name="Run on Chrome"
           tests="6"
           failures="0"
           errors="0"
           skipped="0"
           time="8.977">
  <properties />
  
  
            <testcase name="Testcase_02_Register_with_invalid_email" time="0.922" classname="testcase.Testcase_Register_Page" />
                <testcase name="Testcase_01_Register_with_empty_data" time="3.158" classname="testcase.Testcase_Register_Page" />
                <testcase name="Testcase_05_Register_with_password_less_than_6_characters" time="0.446" classname="testcase.Testcase_Register_Page" />
                <testcase name="Testcase_06_Register_with_confirm_password_not_match_password" time="0.583" classname="testcase.Testcase_Register_Page" />
                <testcase name="Testcase_04_Register_duplicate_email" time="1.284" classname="testcase.Testcase_Register_Page" />
                <testcase name="Testcase_03_Register_successfully" time="2.584" classname="testcase.Testcase_Register_Page" />
      
</testsuite>
